SF:lib/data/models/breed_model.dart
DA:5,10
DA:45,16
DA:46,16
DA:47,8
DA:48,8
DA:49,8
DA:50,8
DA:51,8
DA:52,8
DA:53,8
DA:54,8
DA:55,8
DA:56,8
DA:57,8
DA:58,8
DA:59,8
DA:60,8
DA:61,8
DA:62,8
DA:63,8
DA:64,8
DA:65,8
DA:66,8
DA:67,8
DA:68,8
DA:69,8
DA:70,8
DA:71,8
DA:72,8
DA:73,8
DA:74,8
DA:75,8
DA:76,8
DA:77,8
DA:78,8
DA:79,8
DA:80,8
DA:81,8
DA:82,8
LF:39
LH:39
end_of_record
SF:lib/data/models/weight_model.dart
DA:4,12
DA:6,18
DA:7,9
DA:8,9
LF:4
LH:4
end_of_record
SF:lib/core/env.dart
DA:6,3
DA:7,1
DA:9,1
DA:14,2
DA:15,1
DA:18,4
DA:19,4
DA:21,0
DA:23,0
DA:24,0
DA:25,0
DA:26,0
DA:27,0
DA:28,0
DA:29,0
DA:30,0
DA:32,0
DA:33,0
DA:34,0
DA:35,0
DA:36,0
DA:37,0
LF:22
LH:7
end_of_record
SF:lib/core/error_handling/error.dart
DA:10,0
DA:13,0
DA:16,0
DA:17,0
DA:18,0
DA:20,0
LF:6
LH:0
end_of_record
SF:lib/core/error_handling/failure.dart
DA:6,5
DA:7,10
LF:2
LH:2
end_of_record
SF:lib/core/error_handling/exception.dart
DA:10,1
DA:13,1
DA:14,2
DA:15,1
DA:17,1
DA:27,0
DA:32,0
DA:33,0
DA:34,0
DA:35,0
DA:36,0
DA:38,0
DA:49,5
DA:54,5
DA:57,10
DA:58,15
DA:60,15
DA:61,15
DA:62,5
DA:64,5
DA:65,5
DA:66,5
LF:22
LH:15
end_of_record
SF:lib/core/http/dio_http_client.dart
DA:6,1
DA:7,3
DA:8,2
DA:10,3
LF:4
LH:4
end_of_record
SF:lib/core/http/dio_interceptors.dart
DA:6,1
DA:8,3
DA:9,1
DA:11,4
DA:12,1
DA:15,1
DA:18,1
DA:19,4
DA:22,1
DA:25,1
DA:28,5
DA:30,1
LF:12
LH:12
end_of_record
SF:lib/data/data_sources/breed_remote_data_source.dart
DA:16,1
DA:17,1
DA:21,2
DA:23,1
DA:29,2
DA:30,1
DA:31,3
DA:32,1
DA:36,1
DA:37,1
DA:38,1
DA:39,0
DA:40,1
DA:41,1
DA:45,1
DA:49,2
DA:51,1
DA:57,2
DA:58,1
DA:59,3
DA:60,1
DA:64,1
DA:65,1
DA:66,1
DA:67,0
DA:68,1
DA:69,1
DA:73,1
DA:76,3
DA:77,2
DA:78,2
DA:82,1
DA:83,1
DA:84,1
DA:85,0
DA:86,1
DA:87,1
LF:37
LH:34
end_of_record
SF:lib/data/models/image_breed_model.dart
DA:5,6
DA:13,5
DA:14,5
DA:15,5
DA:16,5
DA:17,5
DA:18,20
DA:19,5
DA:20,5
LF:9
LH:9
end_of_record
SF:lib/domain/entities/breed_entity.dart
DA:43,10
DA:83,4
DA:84,4
DA:85,4
DA:86,4
DA:87,4
DA:88,4
DA:89,4
DA:90,4
DA:91,4
DA:92,4
DA:93,4
DA:94,4
DA:95,4
DA:96,4
DA:97,4
DA:98,4
DA:99,4
DA:100,4
DA:101,4
DA:102,4
DA:103,4
DA:104,4
DA:105,4
DA:106,4
DA:107,4
DA:108,4
DA:109,4
DA:110,4
DA:111,4
DA:112,4
DA:113,4
DA:114,4
DA:115,4
DA:116,4
DA:117,4
DA:118,4
DA:119,4
DA:120,4
DA:121,4
LF:40
LH:40
end_of_record
SF:lib/domain/entities/image_breed_entity.dart
DA:11,6
DA:19,3
DA:20,3
DA:21,3
DA:22,3
DA:23,3
DA:24,3
DA:25,3
LF:8
LH:8
end_of_record
SF:lib/domain/entities/weight_entity.dart
DA:7,12
DA:9,5
DA:10,15
LF:3
LH:3
end_of_record
SF:lib/data/repositories/breed_repository_impl.dart
DA:11,1
DA:12,1
DA:17,2
DA:18,1
DA:19,1
DA:20,1
DA:24,1
DA:29,2
DA:30,1
DA:31,1
DA:32,1
DA:36,1
DA:40,2
DA:41,1
DA:42,1
DA:43,1
LF:16
LH:16
end_of_record
SF:lib/domain/use_cases/get_breeds_use_case.dart
DA:9,1
DA:11,1
DA:13,2
LF:3
LH:3
end_of_record
SF:lib/domain/use_cases/get_image_breed_use_case.dart
DA:9,1
DA:11,1
DA:13,2
LF:3
LH:3
end_of_record
SF:lib/domain/use_cases/search_breeds_use_case.dart
DA:9,1
DA:11,1
DA:14,2
LF:3
LH:3
end_of_record
SF:lib/presentation/android/shared/cubits/splash_cubit/splash_state.dart
DA:5,1
DA:7,1
DA:8,1
LF:3
LH:3
end_of_record
SF:lib/presentation/android/shared/cubits/splash_cubit/splash_cubit.dart
DA:10,3
DA:12,1
DA:13,2
DA:14,2
DA:18,0
DA:19,0
DA:20,0
LF:7
LH:4
end_of_record
SF:lib/core/localization/app_localizations.dart
DA:65,0
DA:69,0
DA:70,0
DA:214,2
DA:216,0
DA:218,0
DA:221,0
DA:222,0
DA:224,0
DA:228,0
DA:232,0
DA:233,0
DA:234,0
DA:237,0
LF:14
LH:1
end_of_record
SF:lib/core/localization/app_localizations_en.dart
DA:7,0
DA:9,0
DA:12,0
DA:15,0
DA:18,0
DA:21,0
DA:24,0
DA:27,0
DA:30,0
DA:33,0
DA:36,0
DA:39,0
DA:42,0
DA:45,0
DA:48,0
DA:51,0
DA:54,0
DA:57,0
DA:60,0
DA:63,0
LF:20
LH:0
end_of_record
SF:lib/core/localization/app_localizations_es.dart
DA:7,0
DA:9,0
DA:12,0
DA:15,0
DA:18,0
DA:21,0
DA:24,0
DA:27,0
DA:30,0
DA:33,0
DA:36,0
DA:39,0
DA:42,0
DA:45,0
DA:48,0
DA:51,0
DA:54,0
DA:57,0
DA:60,0
DA:63,0
LF:20
LH:0
end_of_record
SF:lib/core/utils/custom_overlays.dart
DA:6,0
DA:8,0
DA:9,0
DA:12,0
DA:17,0
DA:19,0
DA:26,0
LF:7
LH:0
end_of_record
SF:lib/core/utils/debounce.dart
DA:8,1
DA:10,1
DA:11,1
DA:12,3
LF:4
LH:4
end_of_record
SF:lib/core/validators/query_input.dart
DA:6,3
DA:7,3
DA:9,0
DA:11,0
LF:4
LH:2
end_of_record
SF:lib/presentation/android/extensions/build_context.dart
DA:6,0
DA:10,0
DA:14,0
DA:18,0
DA:22,0
DA:26,0
DA:30,0
DA:34,0
LF:8
LH:0
end_of_record
SF:lib/presentation/android/shared/cubits/landing_cubit/landing_state.dart
DA:4,1
DA:6,1
DA:7,1
DA:18,0
DA:20,0
DA:21,0
DA:27,0
DA:34,0
LF:8
LH:3
end_of_record
SF:lib/presentation/android/shared/cubits/landing_cubit/landing_cubit.dart
DA:23,1
DA:30,2
DA:43,1
DA:44,3
DA:45,1
DA:47,1
DA:51,1
DA:52,1
DA:55,0
DA:58,2
DA:62,1
DA:63,2
DA:64,3
DA:65,1
DA:66,0
DA:67,0
DA:68,0
DA:74,1
DA:75,2
DA:76,4
DA:77,1
DA:78,0
DA:79,1
DA:80,1
DA:81,2
DA:82,2
DA:85,2
DA:88,1
DA:89,1
DA:90,1
DA:91,2
DA:92,1
DA:93,1
DA:96,0
DA:97,0
DA:98,0
DA:99,0
DA:100,0
DA:101,0
DA:104,0
DA:110,0
DA:111,0
DA:112,0
DA:113,0
DA:115,0
DA:116,0
DA:117,0
DA:118,0
DA:124,1
DA:125,2
DA:126,3
DA:127,2
DA:130,4
DA:131,1
DA:132,0
DA:133,1
DA:134,2
DA:135,2
DA:136,2
DA:137,0
DA:140,2
DA:143,1
DA:144,2
DA:145,1
DA:146,2
DA:147,2
DA:150,1
DA:154,2
DA:155,3
DA:156,1
DA:158,3
DA:161,1
DA:162,2
DA:163,1
DA:164,0
DA:165,1
DA:166,3
DA:170,0
DA:171,0
DA:172,0
DA:173,0
DA:174,0
DA:175,0
DA:176,0
DA:177,0
DA:178,0
DA:180,0
DA:182,0
DA:186,0
DA:187,0
DA:188,0
LF:91
LH:54
end_of_record
SF:lib/dependency_injection.dart
DA:13,0
DA:15,0
DA:20,0
DA:21,0
DA:22,0
DA:23,0
DA:24,0
DA:31,0
DA:32,0
DA:33,0
DA:39,0
DA:40,0
DA:46,0
DA:47,0
DA:57,0
DA:58,0
LF:16
LH:0
end_of_record
SF:lib/presentation/android/provider/theme_provider.dart
DA:12,0
DA:14,0
DA:15,0
DA:16,0
LF:4
LH:0
end_of_record
SF:lib/presentation/android/design/fundations/colors.dart
DA:10,0
DA:11,0
DA:12,0
DA:30,0
DA:32,0
DA:34,0
DA:40,0
DA:65,1
DA:79,1
DA:87,0
DA:90,0
DA:92,0
DA:93,0
DA:94,0
DA:95,0
DA:101,0
DA:104,0
DA:107,0
DA:110,0
DA:114,0
DA:116,0
DA:119,0
DA:122,0
DA:141,0
DA:152,1
DA:165,0
DA:181,0
DA:195,0
DA:197,0
DA:198,0
DA:199,0
DA:200,0
DA:215,0
DA:217,0
DA:220,0
DA:223,0
DA:226,0
DA:229,0
DA:232,0
DA:235,0
DA:238,0
DA:243,0
DA:254,0
DA:257,0
DA:260,0
DA:263,0
DA:266,0
DA:269,0
DA:272,0
DA:275,0
LF:50
LH:3
end_of_record
SF:lib/presentation/android/design/fundations/fonts.dart
DA:7,0
DA:8,0
DA:9,0
DA:11,0
DA:12,0
DA:13,0
DA:14,0
DA:15,0
DA:16,0
DA:17,0
DA:18,0
DA:19,0
DA:26,0
DA:28,0
DA:30,0
DA:31,0
DA:32,0
DA:33,0
DA:39,0
DA:45,0
DA:56,0
DA:58,0
DA:60,0
DA:61,0
DA:62,0
DA:63,0
DA:69,0
DA:82,0
DA:106,0
DA:109,0
DA:111,0
DA:112,0
DA:113,0
DA:114,0
DA:145,0
DA:174,0
DA:188,0
DA:191,0
DA:193,0
DA:194,0
DA:195,0
DA:196,0
DA:224,0
DA:250,0
DA:268,0
DA:271,0
DA:273,0
DA:274,0
DA:275,0
DA:276,0
DA:318,0
DA:358,0
DA:367,0
DA:369,0
DA:371,0
DA:372,0
DA:373,0
DA:374,0
DA:393,0
DA:410,0
DA:418,0
DA:420,0
DA:422,0
DA:423,0
DA:424,0
DA:425,0
DA:440,0
DA:453,0
DA:460,0
DA:462,0
DA:464,0
DA:465,0
DA:466,0
DA:467,0
DA:480,0
DA:491,0
DA:500,0
DA:503,0
DA:505,0
DA:506,0
DA:507,0
DA:508,0
DA:527,0
DA:544,0
LF:84
LH:0
end_of_record
SF:lib/presentation/android/design/tokens/fonts.dart
DA:4,0
LF:1
LH:0
end_of_record
SF:lib/presentation/android/design/fundations/styles.dart
DA:7,0
DA:8,0
DA:9,0
DA:11,0
DA:13,0
DA:15,0
DA:16,0
DA:21,0
DA:22,0
DA:23,0
DA:28,0
DA:29,0
DA:30,0
DA:36,0
DA:37,0
DA:38,0
DA:44,0
DA:45,0
DA:49,0
DA:50,0
DA:51,0
DA:54,0
DA:55,0
DA:56,0
DA:58,0
DA:61,0
DA:62,0
DA:63,0
DA:64,0
DA:65,0
DA:67,0
DA:70,0
DA:71,0
DA:72,0
DA:74,0
DA:76,0
DA:77,0
DA:78,0
DA:79,0
DA:82,0
DA:83,0
DA:84,0
DA:86,0
DA:88,0
DA:89,0
DA:90,0
DA:91,0
DA:92,0
DA:97,0
DA:100,0
DA:101,0
DA:102,0
DA:103,0
DA:104,0
DA:106,0
DA:112,0
DA:115,0
DA:116,0
DA:119,0
DA:120,0
DA:121,0
DA:122,0
DA:124,0
DA:127,0
DA:128,0
DA:130,0
DA:131,0
DA:132,0
DA:133,0
DA:134,0
DA:135,0
DA:137,0
DA:142,0
DA:144,0
DA:145,0
DA:148,0
DA:149,0
DA:151,0
DA:153,0
DA:154,0
DA:155,0
DA:158,0
DA:159,0
DA:160,0
DA:162,0
DA:164,0
DA:166,0
DA:167,0
DA:168,0
DA:172,0
DA:173,0
DA:174,0
DA:177,0
DA:179,0
DA:180,0
DA:181,0
DA:182,0
DA:185,0
DA:186,0
DA:187,0
DA:190,0
DA:192,0
DA:193,0
DA:194,0
DA:195,0
DA:198,0
DA:199,0
DA:200,0
DA:205,0
DA:207,0
DA:209,0
DA:210,0
DA:211,0
DA:212,0
DA:215,0
DA:216,0
DA:218,0
DA:219,0
DA:220,0
DA:222,0
DA:223,0
DA:224,0
DA:225,0
DA:228,0
DA:230,0
DA:261,0
DA:265,0
DA:268,0
DA:270,0
DA:273,0
DA:285,0
DA:292,0
DA:294,0
DA:296,0
DA:297,0
DA:298,0
DA:299,0
DA:305,0
DA:316,0
DA:333,0
DA:336,0
DA:338,0
DA:339,0
DA:340,0
DA:341,0
DA:347,0
DA:348,0
DA:349,0
DA:350,0
DA:351,0
DA:353,0
DA:355,0
DA:357,0
DA:358,0
DA:360,0
DA:363,0
DA:364,0
DA:365,0
DA:366,0
DA:368,0
DA:370,0
DA:371,0
DA:373,0
DA:375,0
DA:376,0
DA:378,0
DA:380,0
DA:381,0
DA:383,0
DA:384,0
DA:387,0
DA:388,0
DA:390,0
DA:391,0
DA:392,0
DA:393,0
DA:395,0
DA:397,0
DA:399,0
DA:400,0
DA:402,0
DA:407,0
DA:408,0
DA:409,0
DA:410,0
DA:411,0
DA:413,0
DA:415,0
DA:417,0
DA:418,0
DA:420,0
DA:423,0
DA:424,0
DA:425,0
DA:426,0
DA:428,0
DA:430,0
DA:431,0
DA:433,0
DA:435,0
DA:436,0
DA:438,0
DA:440,0
DA:441,0
DA:443,0
DA:444,0
DA:447,0
DA:448,0
DA:450,0
DA:451,0
DA:452,0
DA:453,0
DA:455,0
DA:457,0
DA:459,0
DA:460,0
DA:462,0
LF:217
LH:0
end_of_record
SF:lib/presentation/android/design/fundations/theme.dart
DA:4,0
DA:5,0
DA:10,0
DA:14,0
DA:17,0
DA:35,0
DA:36,0
DA:40,0
DA:41,0
DA:42,0
DA:46,0
DA:47,0
DA:48,0
DA:52,0
DA:54,0
DA:58,0
DA:60,0
DA:61,0
DA:62,0
DA:63,0
DA:64,0
DA:68,0
DA:70,0
DA:72,0
DA:77,0
DA:78,0
DA:79,0
DA:80,0
DA:99,0
DA:100,0
DA:101,0
DA:123,0
DA:128,0
DA:132,0
DA:136,0
DA:152,0
DA:153,0
DA:157,0
DA:159,0
DA:163,0
DA:165,0
DA:169,0
DA:171,0
DA:175,0
DA:177,0
DA:178,0
DA:179,0
DA:180,0
DA:181,0
DA:183,0
DA:185,0
DA:187,0
DA:189,0
DA:194,0
DA:195,0
DA:196,0
DA:197,0
DA:210,0
DA:212,0
DA:216,0
DA:217,0
DA:218,0
DA:231,0
DA:232,0
DA:233,0
DA:234,0
DA:235,0
DA:236,0
DA:237,0
DA:238,0
DA:239,0
DA:240,0
DA:241,0
DA:242,0
DA:243,0
DA:244,0
DA:245,0
DA:246,0
LF:78
LH:0
end_of_record
SF:lib/presentation/android/design/tokens/styles.dart
DA:4,0
LF:1
LH:0
end_of_record
SF:lib/presentation/android/design/tokens/constants.dart
DA:4,0
LF:1
LH:0
end_of_record
SF:lib/presentation/android/pages/detail/detail_page.dart
DA:14,0
DA:17,0
DA:19,0
DA:20,0
DA:21,0
DA:23,0
DA:25,0
DA:26,0
DA:30,0
DA:31,0
DA:32,0
DA:33,0
DA:38,0
DA:40,0
DA:47,0
DA:48,0
DA:49,0
DA:52,0
DA:53,0
DA:54,0
DA:55,0
DA:56,0
DA:58,0
DA:59,0
DA:60,0
DA:62,0
DA:63,0
DA:64,0
DA:66,0
DA:67,0
DA:68,0
DA:70,0
DA:71,0
DA:72,0
DA:74,0
DA:75,0
DA:76,0
DA:78,0
DA:79,0
DA:80,0
DA:82,0
DA:83,0
DA:84,0
DA:86,0
DA:87,0
DA:88,0
DA:90,0
DA:91,0
DA:92,0
DA:94,0
DA:95,0
DA:96,0
DA:98,0
DA:99,0
DA:100,0
DA:102,0
DA:103,0
DA:104,0
DA:106,0
DA:107,0
DA:108,0
DA:110,0
DA:111,0
DA:112,0
DA:114,0
DA:115,0
DA:116,0
DA:133,0
DA:135,0
DA:137,0
DA:138,0
DA:141,0
DA:142,0
DA:143,0
DA:144,0
DA:145,0
DA:146,0
DA:149,0
DA:150,0
DA:152,0
DA:153,0
DA:155,0
DA:167,0
DA:169,0
DA:171,0
DA:172,0
DA:175,0
DA:176,0
DA:177,0
DA:178,0
DA:179,0
DA:180,0
DA:183,0
DA:184,0
LF:94
LH:0
end_of_record
SF:lib/presentation/android/shared/widgets/error_in_network_image_widget.dart
DA:6,2
DA:8,0
DA:10,0
DA:11,0
DA:12,0
DA:14,0
DA:16,0
DA:17,0
DA:18,0
DA:19,0
LF:10
LH:1
end_of_record
SF:lib/presentation/android/shared/widgets/integer_rating_bar_widget.dart
DA:6,0
DA:9,0
DA:11,0
DA:12,0
DA:13,0
DA:14,0
DA:15,0
DA:16,0
LF:8
LH:0
end_of_record
SF:lib/presentation/android/shared/widgets/placeholder_network_image_widget.dart
DA:7,2
DA:9,0
DA:11,0
DA:13,0
DA:15,0
DA:16,0
LF:6
LH:1
end_of_record
SF:lib/presentation/android/pages/landing/landing_page.dart
DA:14,0
DA:17,0
DA:18,0
DA:23,0
DA:25,0
DA:26,0
DA:27,0
DA:29,0
DA:32,0
DA:33,0
DA:34,0
DA:35,0
DA:36,0
DA:37,0
DA:38,0
DA:41,0
DA:42,0
DA:45,0
DA:46,0
DA:47,0
DA:51,0
DA:53,0
DA:54,0
DA:55,0
DA:56,0
DA:58,0
DA:59,0
DA:60,0
DA:61,0
DA:62,0
DA:63,0
DA:64,0
DA:65,0
DA:66,0
DA:68,0
DA:69,0
DA:85,1
DA:87,0
DA:89,0
DA:90,0
DA:92,0
DA:93,0
DA:97,0
DA:98,0
DA:99,0
DA:100,0
DA:101,0
DA:102,0
DA:103,0
DA:104,0
DA:105,0
DA:107,0
DA:108,0
DA:109,0
DA:116,0
DA:118,0
DA:119,0
DA:120,0
DA:121,0
DA:122,0
DA:123,0
DA:124,0
DA:125,0
DA:126,0
DA:128,0
DA:129,0
DA:131,0
DA:132,0
DA:133,0
DA:135,0
DA:137,0
DA:138,0
DA:140,0
DA:141,0
DA:142,0
LF:75
LH:1
end_of_record
SF:lib/presentation/android/pages/landing/widgets/cat_breed_card.dart
DA:14,0
DA:16,0
DA:18,0
DA:19,0
DA:22,0
DA:24,0
DA:25,0
DA:26,0
DA:27,0
DA:29,0
DA:30,0
DA:31,0
DA:32,0
DA:34,0
DA:37,0
DA:41,0
DA:42,0
DA:43,0
DA:45,0
DA:49,0
DA:50,0
DA:51,0
DA:52,0
DA:57,0
DA:60,0
DA:67,0
DA:70,0
DA:71,0
DA:72,0
DA:73,0
DA:74,0
DA:75,0
DA:76,0
DA:77,0
DA:79,0
DA:80,0
DA:81,0
DA:83,0
DA:84,0
DA:85,0
LF:40
LH:0
end_of_record
