SF:lib/core/env.dart
DA:4,9
DA:5,3
DA:7,3
DA:12,6
DA:13,3
DA:16,8
DA:17,8
DA:19,8
LF:8
LH:8
end_of_record
SF:lib/core/validators/query_input.dart
DA:6,6
DA:7,4
DA:9,1
DA:11,1
LF:4
LH:4
end_of_record
SF:lib/data/models/breed_model.dart
DA:5,11
DA:45,18
DA:46,18
DA:47,9
DA:48,9
DA:49,9
DA:50,9
DA:51,9
DA:52,9
DA:53,9
DA:54,9
DA:55,9
DA:56,9
DA:57,9
DA:58,9
DA:59,9
DA:60,9
DA:61,9
DA:62,9
DA:63,9
DA:64,9
DA:65,9
DA:66,9
DA:67,9
DA:68,9
DA:69,9
DA:70,9
DA:71,9
DA:72,9
DA:73,9
DA:74,9
DA:75,9
DA:76,9
DA:77,9
DA:78,9
DA:79,9
DA:80,9
DA:81,9
DA:82,9
LF:39
LH:39
end_of_record
SF:lib/data/models/weight_model.dart
DA:4,13
DA:6,20
DA:7,10
DA:8,10
LF:4
LH:4
end_of_record
SF:lib/core/error_handling/error.dart
DA:10,0
DA:13,0
DA:16,0
DA:17,0
DA:18,0
DA:20,0
LF:6
LH:0
end_of_record
SF:lib/core/error_handling/failure.dart
DA:6,5
DA:7,10
LF:2
LH:2
end_of_record
SF:lib/core/error_handling/exception.dart
DA:10,1
DA:13,1
DA:14,2
DA:15,1
DA:17,1
DA:28,5
DA:33,5
DA:36,10
DA:37,15
DA:39,15
DA:40,15
DA:41,5
DA:43,5
DA:44,5
DA:45,5
LF:15
LH:15
end_of_record
SF:lib/core/http/dio_http_client.dart
DA:6,1
DA:7,3
DA:8,2
DA:10,3
LF:4
LH:4
end_of_record
SF:lib/core/http/dio_interceptors.dart
DA:6,1
DA:8,3
DA:9,1
DA:11,4
DA:12,1
DA:15,1
DA:18,1
DA:19,4
DA:22,1
DA:25,1
DA:28,5
DA:30,1
LF:12
LH:12
end_of_record
SF:lib/data/data_sources/breed_remote_data_source.dart
DA:16,1
DA:17,1
DA:21,2
DA:23,1
DA:29,2
DA:30,1
DA:31,3
DA:32,1
DA:36,1
DA:37,1
DA:38,1
DA:39,0
DA:40,1
DA:41,1
DA:45,1
DA:49,2
DA:51,1
DA:57,2
DA:58,1
DA:59,3
DA:60,1
DA:64,1
DA:65,1
DA:66,1
DA:67,0
DA:68,1
DA:69,1
DA:73,1
DA:76,3
DA:77,2
DA:78,2
DA:82,1
DA:83,1
DA:84,1
DA:85,0
DA:86,1
DA:87,1
LF:37
LH:34
end_of_record
SF:lib/data/models/image_breed_model.dart
DA:5,7
DA:13,5
DA:14,5
DA:15,5
DA:16,5
DA:17,5
DA:18,20
DA:19,5
DA:20,5
LF:9
LH:9
end_of_record
SF:lib/domain/entities/breed_entity.dart
DA:43,11
DA:83,4
DA:84,4
DA:85,4
DA:86,4
DA:87,4
DA:88,4
DA:89,4
DA:90,4
DA:91,4
DA:92,4
DA:93,4
DA:94,4
DA:95,4
DA:96,4
DA:97,4
DA:98,4
DA:99,4
DA:100,4
DA:101,4
DA:102,4
DA:103,4
DA:104,4
DA:105,4
DA:106,4
DA:107,4
DA:108,4
DA:109,4
DA:110,4
DA:111,4
DA:112,4
DA:113,4
DA:114,4
DA:115,4
DA:116,4
DA:117,4
DA:118,4
DA:119,4
DA:120,4
DA:121,4
LF:40
LH:40
end_of_record
SF:lib/domain/entities/image_breed_entity.dart
DA:11,7
DA:19,3
DA:20,3
DA:21,3
DA:22,3
DA:23,3
DA:24,3
DA:25,3
LF:8
LH:8
end_of_record
SF:lib/domain/entities/weight_entity.dart
DA:7,13
DA:9,5
DA:10,15
LF:3
LH:3
end_of_record
SF:lib/data/repositories/breed_repository_impl.dart
DA:11,1
DA:12,1
DA:17,2
DA:18,1
DA:19,1
DA:20,1
DA:24,1
DA:29,2
DA:30,1
DA:31,1
DA:32,1
DA:36,1
DA:40,2
DA:41,1
DA:42,1
DA:43,1
LF:16
LH:16
end_of_record
SF:lib/domain/use_cases/get_breeds_use_case.dart
DA:9,1
DA:11,1
DA:13,2
LF:3
LH:3
end_of_record
SF:lib/domain/use_cases/get_image_breed_use_case.dart
DA:9,1
DA:11,1
DA:13,2
LF:3
LH:3
end_of_record
SF:lib/domain/use_cases/search_breeds_use_case.dart
DA:9,1
DA:11,1
DA:14,2
LF:3
LH:3
end_of_record
SF:lib/core/localization/app_localizations.dart
DA:65,6
DA:69,2
DA:70,2
DA:214,3
DA:216,2
DA:218,4
DA:221,2
DA:222,6
DA:224,1
DA:228,2
DA:232,2
DA:233,4
DA:234,0
DA:237,0
LF:14
LH:12
end_of_record
SF:lib/presentation/pages/landing/landing_page.dart
DA:13,2
DA:16,2
DA:17,2
DA:22,2
DA:24,6
DA:25,2
DA:26,2
DA:28,2
DA:31,1
DA:32,1
DA:33,2
DA:35,2
DA:36,1
DA:37,1
DA:40,1
DA:46,4
DA:47,2
DA:49,1
DA:50,3
DA:51,2
DA:52,1
DA:53,1
DA:56,2
DA:57,4
DA:60,4
DA:61,2
DA:62,4
DA:66,2
DA:68,2
DA:69,2
DA:71,6
DA:72,2
DA:74,2
DA:75,2
DA:76,1
DA:77,2
DA:78,1
DA:79,2
DA:80,2
DA:81,2
DA:82,2
DA:84,2
DA:85,1
DA:103,3
DA:105,2
DA:107,2
DA:108,2
DA:110,2
DA:111,2
DA:115,2
DA:116,2
DA:117,0
DA:118,0
DA:119,2
DA:120,2
DA:121,0
DA:122,0
DA:123,0
DA:125,4
DA:126,2
DA:127,2
DA:135,2
DA:137,1
DA:138,1
DA:139,2
DA:140,2
DA:141,2
DA:142,2
DA:143,2
DA:145,2
DA:146,4
DA:148,1
DA:149,2
DA:151,2
DA:152,1
DA:154,1
DA:156,1
DA:158,3
DA:160,1
DA:161,2
DA:162,1
LF:81
LH:76
end_of_record
SF:lib/presentation/shared/cubits/landing_cubit/landing_state.dart
DA:4,4
DA:6,1
DA:7,1
DA:18,1
DA:20,0
DA:21,0
DA:27,0
DA:34,0
LF:8
LH:4
end_of_record
SF:lib/presentation/shared/cubits/landing_cubit/landing_cubit.dart
DA:23,1
DA:30,2
DA:43,1
DA:44,3
DA:45,1
DA:47,1
DA:51,1
DA:52,1
DA:55,0
DA:58,2
DA:62,1
DA:63,2
DA:64,3
DA:65,1
DA:66,0
DA:67,0
DA:68,0
DA:74,1
DA:75,2
DA:76,4
DA:77,1
DA:78,0
DA:79,1
DA:80,1
DA:81,2
DA:82,2
DA:85,2
DA:88,1
DA:89,1
DA:90,1
DA:91,2
DA:92,1
DA:93,1
DA:95,0
DA:96,0
DA:97,0
DA:98,0
DA:100,0
DA:101,0
DA:102,0
DA:103,0
DA:109,1
DA:110,2
DA:111,3
DA:112,2
DA:115,4
DA:116,1
DA:117,0
DA:118,1
DA:119,2
DA:120,2
DA:121,2
DA:122,0
DA:125,2
DA:128,1
DA:129,2
DA:130,1
DA:131,2
DA:132,2
DA:135,1
DA:139,2
DA:140,3
DA:141,1
DA:143,3
DA:146,1
DA:147,2
DA:148,1
DA:149,0
DA:150,1
DA:151,3
DA:155,0
DA:156,0
DA:157,0
DA:158,0
DA:159,0
DA:160,0
DA:161,0
DA:162,0
DA:163,0
DA:165,0
DA:167,0
DA:171,0
DA:172,0
DA:173,0
LF:84
LH:54
end_of_record
SF:lib/presentation/shared/cubits/theme_cubit/theme_cubit.dart
DA:7,3
DA:9,2
DA:10,3
DA:11,1
DA:12,0
DA:14,0
DA:16,1
DA:17,1
LF:8
LH:6
end_of_record
SF:lib/dependency_injection.dart
DA:12,3
DA:14,1
DA:19,2
DA:20,2
DA:21,0
DA:22,0
DA:23,0
DA:30,2
DA:31,2
DA:32,2
DA:38,2
DA:39,0
DA:45,2
DA:46,0
LF:14
LH:9
end_of_record
SF:lib/core/utils/debounce.dart
DA:8,1
DA:10,1
DA:11,1
DA:12,3
LF:4
LH:4
end_of_record
SF:lib/core/localization/app_localizations_en.dart
DA:7,4
DA:9,2
DA:12,1
DA:15,1
DA:18,0
DA:21,0
DA:24,0
DA:27,0
DA:30,0
DA:33,0
DA:36,0
DA:39,0
DA:42,0
DA:45,0
DA:48,0
DA:51,0
DA:54,0
DA:57,0
DA:60,0
DA:63,0
LF:20
LH:4
end_of_record
SF:lib/core/localization/app_localizations_es.dart
DA:7,0
DA:9,0
DA:12,0
DA:15,0
DA:18,0
DA:21,0
DA:24,0
DA:27,0
DA:30,0
DA:33,0
DA:36,0
DA:39,0
DA:42,0
DA:45,0
DA:48,0
DA:51,0
DA:54,0
DA:57,0
DA:60,0
DA:63,0
LF:20
LH:0
end_of_record
SF:lib/core/utils/custom_overlays.dart
DA:6,1
DA:8,1
DA:9,1
DA:12,1
DA:18,1
DA:21,1
DA:28,2
LF:7
LH:7
end_of_record
SF:lib/presentation/shared/cubits/splash_cubit/splash_state.dart
DA:5,2
DA:7,1
DA:8,1
LF:3
LH:3
end_of_record
SF:lib/presentation/shared/cubits/splash_cubit/splash_cubit.dart
DA:8,3
DA:10,1
DA:11,2
DA:12,2
LF:4
LH:4
end_of_record
SF:lib/presentation/design/fundations/fonts.dart
DA:7,2
DA:8,2
DA:9,2
DA:11,0
DA:12,6
DA:13,6
DA:14,0
DA:15,3
DA:16,6
DA:17,6
DA:18,6
DA:19,6
DA:26,0
DA:28,0
DA:30,0
DA:31,0
DA:32,0
DA:33,0
DA:39,0
DA:45,0
DA:56,0
DA:58,2
DA:60,2
DA:61,2
DA:62,1
DA:63,1
DA:69,2
DA:82,1
DA:106,0
DA:109,2
DA:111,2
DA:112,2
DA:113,0
DA:114,0
DA:145,2
DA:174,0
DA:188,0
DA:191,0
DA:193,0
DA:194,0
DA:195,0
DA:196,0
DA:224,0
DA:250,0
DA:268,0
DA:271,1
DA:273,1
DA:274,1
DA:275,0
DA:276,0
DA:318,1
DA:358,0
DA:367,0
DA:369,2
DA:371,2
DA:372,2
DA:373,1
DA:374,1
DA:393,2
DA:410,1
DA:418,0
DA:420,2
DA:422,2
DA:423,2
DA:424,1
DA:425,1
DA:440,2
DA:453,1
DA:460,0
DA:462,2
DA:464,2
DA:465,2
DA:466,1
DA:467,1
DA:480,2
DA:491,1
DA:500,0
DA:503,2
DA:505,2
DA:506,2
DA:507,1
DA:508,1
DA:527,2
DA:544,1
LF:84
LH:53
end_of_record
SF:lib/presentation/design/fundations/colors.dart
DA:10,0
DA:11,0
DA:12,0
DA:30,0
DA:32,6
DA:34,6
DA:40,0
DA:65,3
DA:79,3
DA:87,0
DA:90,0
DA:92,0
DA:93,0
DA:94,0
DA:95,0
DA:101,0
DA:104,0
DA:107,0
DA:110,0
DA:114,0
DA:116,0
DA:119,0
DA:122,0
DA:141,2
DA:152,3
DA:165,2
DA:181,0
DA:195,0
DA:197,0
DA:198,0
DA:199,0
DA:200,0
DA:215,0
DA:217,0
DA:220,0
DA:223,0
DA:226,0
DA:229,0
DA:232,0
DA:235,0
DA:238,0
DA:243,0
DA:254,0
DA:257,0
DA:260,0
DA:263,0
DA:266,0
DA:269,0
DA:272,0
DA:275,0
LF:50
LH:7
end_of_record
SF:lib/presentation/design/fundations/styles.dart
DA:7,2
DA:8,2
DA:9,2
DA:11,0
DA:13,0
DA:15,0
DA:16,0
DA:21,0
DA:22,0
DA:23,0
DA:28,0
DA:29,0
DA:30,0
DA:36,0
DA:37,0
DA:38,0
DA:44,0
DA:45,6
DA:49,0
DA:50,0
DA:51,0
DA:54,0
DA:55,0
DA:56,0
DA:58,0
DA:61,4
DA:62,4
DA:63,0
DA:64,2
DA:65,2
DA:67,4
DA:70,4
DA:71,8
DA:72,2
DA:74,2
DA:76,0
DA:77,0
DA:78,0
DA:79,0
DA:82,0
DA:83,0
DA:84,0
DA:86,0
DA:88,2
DA:89,2
DA:90,1
DA:91,0
DA:92,2
DA:97,2
DA:100,2
DA:101,2
DA:102,0
DA:103,4
DA:104,1
DA:106,1
DA:112,0
DA:115,0
DA:116,0
DA:119,0
DA:120,0
DA:121,0
DA:122,0
DA:124,0
DA:127,0
DA:128,0
DA:130,0
DA:131,0
DA:132,0
DA:133,0
DA:134,0
DA:135,0
DA:137,0
DA:142,4
DA:144,10
DA:145,4
DA:148,8
DA:149,2
DA:151,2
DA:153,0
DA:154,0
DA:155,0
DA:158,0
DA:159,0
DA:160,0
DA:162,0
DA:164,0
DA:166,0
DA:167,0
DA:168,0
DA:172,0
DA:173,0
DA:174,0
DA:177,0
DA:179,0
DA:180,0
DA:181,0
DA:182,0
DA:185,0
DA:186,0
DA:187,0
DA:190,0
DA:192,0
DA:193,0
DA:194,0
DA:195,0
DA:198,0
DA:199,0
DA:200,0
DA:205,4
DA:207,2
DA:209,4
DA:210,2
DA:211,8
DA:212,2
DA:215,2
DA:216,2
DA:218,0
DA:219,0
DA:220,0
DA:222,0
DA:223,0
DA:224,0
DA:225,0
DA:228,0
DA:230,0
DA:261,0
DA:265,6
DA:268,2
DA:270,6
DA:273,6
DA:285,2
DA:292,0
DA:294,0
DA:296,0
DA:297,0
DA:298,0
DA:299,0
DA:305,0
DA:316,0
DA:333,0
DA:336,0
DA:338,0
DA:339,0
DA:340,0
DA:341,0
DA:347,0
DA:348,0
DA:349,0
DA:350,0
DA:351,0
DA:353,0
DA:355,0
DA:357,0
DA:358,0
DA:360,0
DA:363,0
DA:364,0
DA:365,0
DA:366,0
DA:368,0
DA:370,0
DA:371,0
DA:373,0
DA:375,0
DA:376,0
DA:378,0
DA:380,0
DA:381,0
DA:383,0
DA:384,0
DA:387,0
DA:388,0
DA:390,0
DA:391,0
DA:392,0
DA:393,0
DA:395,0
DA:397,0
DA:399,0
DA:400,0
DA:402,0
DA:407,0
DA:408,0
DA:409,0
DA:410,0
DA:411,0
DA:413,0
DA:415,0
DA:417,0
DA:418,0
DA:420,0
DA:423,0
DA:424,0
DA:425,0
DA:426,0
DA:428,0
DA:430,0
DA:431,0
DA:433,0
DA:435,0
DA:436,0
DA:438,0
DA:440,0
DA:441,0
DA:443,0
DA:444,0
DA:447,0
DA:448,0
DA:450,0
DA:451,0
DA:452,0
DA:453,0
DA:455,0
DA:457,0
DA:459,0
DA:460,0
DA:462,0
LF:217
LH:42
end_of_record
SF:lib/presentation/design/tokens/fonts.dart
DA:4,0
LF:1
LH:0
end_of_record
SF:lib/presentation/design/fundations/theme.dart
DA:4,0
DA:5,6
DA:10,4
DA:14,2
DA:17,6
DA:35,2
DA:36,4
DA:40,2
DA:41,2
DA:42,2
DA:46,2
DA:47,2
DA:48,2
DA:52,2
DA:54,6
DA:58,2
DA:60,4
DA:61,4
DA:62,4
DA:63,4
DA:64,4
DA:68,6
DA:70,6
DA:72,6
DA:77,2
DA:78,2
DA:79,2
DA:80,2
DA:99,2
DA:100,4
DA:101,2
DA:123,3
DA:128,2
DA:132,1
DA:136,3
DA:152,1
DA:153,2
DA:157,1
DA:159,2
DA:163,1
DA:165,2
DA:169,1
DA:171,3
DA:175,1
DA:177,2
DA:178,2
DA:179,2
DA:180,2
DA:181,2
DA:183,2
DA:185,3
DA:187,3
DA:189,3
DA:194,1
DA:195,1
DA:196,1
DA:197,1
DA:210,1
DA:212,1
DA:216,1
DA:217,2
DA:218,1
DA:231,1
DA:232,1
DA:233,1
DA:234,1
DA:235,1
DA:236,1
DA:237,1
DA:238,1
DA:239,1
DA:240,1
DA:241,1
DA:242,1
DA:243,1
DA:244,1
DA:245,1
DA:246,1
LF:78
LH:77
end_of_record
SF:lib/presentation/design/tokens/styles.dart
DA:4,0
LF:1
LH:0
end_of_record
SF:lib/presentation/design/tokens/constants.dart
DA:4,0
LF:1
LH:0
end_of_record
SF:lib/presentation/extensions/build_context.dart
DA:6,0
DA:10,0
DA:14,0
DA:18,2
DA:22,8
DA:26,6
DA:30,2
DA:34,4
LF:8
LH:5
end_of_record
SF:lib/presentation/pages/detail/detail_page.dart
DA:14,0
DA:17,0
DA:19,0
DA:20,0
DA:21,0
DA:23,0
DA:25,0
DA:26,0
DA:30,0
DA:31,0
DA:32,0
DA:33,0
DA:38,0
DA:40,0
DA:47,0
DA:48,0
DA:49,0
DA:52,0
DA:53,0
DA:54,0
DA:55,0
DA:56,0
DA:58,0
DA:59,0
DA:60,0
DA:62,0
DA:63,0
DA:64,0
DA:66,0
DA:67,0
DA:68,0
DA:70,0
DA:71,0
DA:72,0
DA:74,0
DA:75,0
DA:76,0
DA:78,0
DA:79,0
DA:80,0
DA:82,0
DA:83,0
DA:84,0
DA:86,0
DA:87,0
DA:88,0
DA:90,0
DA:91,0
DA:92,0
DA:94,0
DA:95,0
DA:96,0
DA:98,0
DA:99,0
DA:100,0
DA:102,0
DA:103,0
DA:104,0
DA:106,0
DA:107,0
DA:108,0
DA:110,0
DA:111,0
DA:112,0
DA:114,0
DA:115,0
DA:116,0
DA:133,0
DA:135,0
DA:137,0
DA:138,0
DA:141,0
DA:142,0
DA:143,0
DA:144,0
DA:145,0
DA:146,0
DA:149,0
DA:150,0
DA:152,0
DA:153,0
DA:155,0
DA:167,0
DA:169,0
DA:171,0
DA:172,0
DA:175,0
DA:176,0
DA:177,0
DA:178,0
DA:179,0
DA:180,0
DA:183,0
DA:184,0
LF:94
LH:0
end_of_record
SF:lib/presentation/shared/widgets/error_in_network_image_widget.dart
DA:6,6
DA:8,0
DA:10,0
DA:11,0
DA:12,0
DA:14,0
DA:16,0
DA:17,0
DA:18,0
DA:19,0
LF:10
LH:1
end_of_record
SF:lib/presentation/shared/widgets/integer_rating_bar_widget.dart
DA:6,0
DA:9,0
DA:11,0
DA:12,0
DA:13,0
DA:14,0
DA:15,0
DA:16,0
LF:8
LH:0
end_of_record
SF:lib/presentation/shared/widgets/placeholder_network_image_widget.dart
DA:7,6
DA:9,1
DA:11,1
DA:13,2
DA:15,1
DA:16,2
LF:6
LH:6
end_of_record
SF:lib/presentation/pages/landing/widgets/cat_breed_card.dart
DA:14,1
DA:16,1
DA:18,1
DA:19,1
DA:22,1
DA:24,1
DA:25,1
DA:26,2
DA:27,4
DA:29,1
DA:30,0
DA:31,0
DA:32,0
DA:34,0
DA:37,4
DA:41,1
DA:42,1
DA:43,1
DA:45,1
DA:49,1
DA:50,2
DA:51,1
DA:52,1
DA:57,1
DA:60,0
DA:67,1
DA:70,1
DA:71,1
DA:72,2
DA:73,1
DA:74,2
DA:75,2
DA:76,1
DA:77,1
DA:79,1
DA:80,1
DA:81,2
DA:83,2
DA:84,1
DA:85,1
LF:40
LH:35
end_of_record
SF:lib/presentation/shared/page/splash_page.dart
DA:10,1
DA:12,1
DA:13,1
DA:17,1
DA:19,3
DA:20,1
DA:23,1
DA:24,1
DA:25,2
DA:29,1
DA:31,1
DA:32,1
DA:33,1
DA:34,1
DA:35,1
DA:36,1
DA:37,1
DA:38,1
DA:42,1
DA:44,1
DA:46,2
DA:47,4
DA:50,2
LF:23
LH:23
end_of_record
